<?xml version="1.0" encoding="UTF-8"?>
<testsuite name="Regression Test"
           tests="12"
           failures="1"
           errors="0"
           skipped="0"
           time="68.780">
  <properties />
            <testcase name="verifyThatUserShouldPlaceOrderSuccessfullyForCupOfMojoBluetoothSpeakerTest" time="38.336" classname="com.xcart.mobile.testsuite.XcartTest">
                <failure type="java.lang.AssertionError"
                  message="expected [$66.53] but found [$67.59]"
              >
<![CDATA[java.lang.AssertionError: expected [$66.53] but found [$67.59]
  org.testng.Assert.fail(Assert.java:96)
  org.testng.Assert.failNotEquals(Assert.java:776)
  org.testng.Assert.assertEqualsImpl(Assert.java:137)
  org.testng.Assert.assertEquals(Assert.java:118)
  org.testng.Assert.assertEquals(Assert.java:453)
  org.testng.Assert.assertEquals(Assert.java:463)
  com.xcart.mobile.testsuite.XcartTest.verifyThatUserShouldPlaceOrderSuccessfullyForCupOfMojoBluetoothSpeakerTest(XcartTest.java:183)
  sun.reflect.NativeMethodAccessorImpl.invoke0(Native Method)
  sun.reflect.NativeMethodAccessorImpl.invoke(NativeMethodAccessorImpl.java:62)
  sun.reflect.DelegatingMethodAccessorImpl.invoke(DelegatingMethodAccessorImpl.java:43)
  java.lang.reflect.Method.invoke(Method.java:498)
  org.testng.internal.MethodInvocationHelper.invokeMethod(MethodInvocationHelper.java:124)
  org.testng.internal.Invoker.invokeMethod(Invoker.java:583)
  org.testng.internal.Invoker.invokeTestMethod(Invoker.java:719)
  org.testng.internal.Invoker.invokeTestMethods(Invoker.java:989)
  org.testng.internal.TestMethodWorker.invokeTestMethods(TestMethodWorker.java:125)
  org.testng.internal.TestMethodWorker.run(TestMethodWorker.java:109)
  org.testng.TestRunner.privateRun(TestRunner.java:648)
  org.testng.TestRunner.run(TestRunner.java:505)
  org.testng.SuiteRunner.runTest(SuiteRunner.java:455)
  org.testng.SuiteRunner.runSequentially(SuiteRunner.java:450)
  org.testng.SuiteRunner.privateRun(SuiteRunner.java:415)
  org.testng.SuiteRunner.run(SuiteRunner.java:364)
  org.testng.SuiteRunnerWorker.runSuite(SuiteRunnerWorker.java:52)
  org.testng.SuiteRunnerWorker.run(SuiteRunnerWorker.java:84)
  org.testng.TestNG.runSuitesSequentially(TestNG.java:1208)
  org.testng.TestNG.runSuitesLocally(TestNG.java:1137)
  org.testng.TestNG.runSuites(TestNG.java:1049)
  org.testng.TestNG.run(TestNG.java:1017)
  com.intellij.rt.testng.IDEARemoteTestNG.run(IDEARemoteTestNG.java:66)
  com.intellij.rt.testng.RemoteTestNGStarter.main(RemoteTestNGStarter.java:109)
]]>
      </failure>

          </testcase>
  
  
            <testcase name="productArrangeToRatesTest" time="2.432" classname="com.xcart.mobile.testsuite.XcartTest" />
                <testcase name="productArrangeAlphabeticallyTest" time="3.407" classname="com.xcart.mobile.testsuite.XcartTest" />
                <testcase name="navigateToComingSoonPageTest" time="1.130" classname="com.xcart.mobile.testsuite.XcartTest" />
                <testcase name="navigateToNewPageTest" time="1.247" classname="com.xcart.mobile.testsuite.XcartTest" />
                <testcase name="navigateToContactUsPageTest" time="1.386" classname="com.xcart.mobile.testsuite.XcartTest" />
                <testcase name="productArrangeToRatesbestseller" time="2.891" classname="com.xcart.mobile.testsuite.XcartTest" />
                <testcase name="navigateToShippingPageTest" time="1.133" classname="com.xcart.mobile.testsuite.XcartTest" />
                <testcase name="productArrangeToZToA" time="2.513" classname="com.xcart.mobile.testsuite.XcartTest" />
                <testcase name="ProductArrangeToHighToLow" time="2.924" classname="com.xcart.mobile.testsuite.XcartTest" />
                <testcase name="productPriceToLowToHighTest" time="2.643" classname="com.xcart.mobile.testsuite.XcartTest" />
                <testcase name="verifyThatUserShouldClearShoppingCartSuccessfully" time="8.738" classname="com.xcart.mobile.testsuite.XcartTest" />
      
</testsuite>
